user/mp2_2.c: In function ‘main’:
user/mp2_2.c:13:24: warning: passing argument 1 of ‘madvise’ makes pointer from integer without a cast [-Wint-conversion]
   13 |   madvise((uint64) ptr + 10*PG_SIZE, 2*PG_SIZE , MADV_DONTNEED);
      |                        ^
      |                        |
      |                        long unsigned int
In file included from user/mp2_2.c:3:
./user/user.h:36:19: note: expected ‘void *’ but argument is of type ‘long unsigned int’
   36 | int madvise(void *base, int len, int advise);
      |             ~~~~~~^~~~
user/mp2_3.c: In function ‘main’:
user/mp2_3.c:13:24: warning: passing argument 1 of ‘madvise’ makes pointer from integer without a cast [-Wint-conversion]
   13 |   madvise((uint64) ptr + 10*PG_SIZE, 2*PG_SIZE , MADV_NORMAL);
      |                        ^
      |                        |
      |                        long unsigned int
In file included from user/mp2_3.c:3:
./user/user.h:36:19: note: expected ‘void *’ but argument is of type ‘long unsigned int’
   36 | int madvise(void *base, int len, int advise);
      |             ~~~~~~^~~~
user/mp2_3.c:15:24: warning: passing argument 1 of ‘madvise’ makes pointer from integer without a cast [-Wint-conversion]
   15 |   madvise((uint64) ptr + 10*PG_SIZE, 2*PG_SIZE , MADV_DONTNEED);
      |                        ^
      |                        |
      |                        long unsigned int
In file included from user/mp2_3.c:3:
./user/user.h:36:19: note: expected ‘void *’ but argument is of type ‘long unsigned int’
   36 | int madvise(void *base, int len, int advise);
      |             ~~~~~~^~~~
user/mp2_3.c:17:24: warning: passing argument 1 of ‘madvise’ makes pointer from integer without a cast [-Wint-conversion]
   17 |   madvise((uint64) ptr + 10*PG_SIZE, 2*PG_SIZE , MADV_WILLNEED);
      |                        ^
      |                        |
      |                        long unsigned int
In file included from user/mp2_3.c:3:
./user/user.h:36:19: note: expected ‘void *’ but argument is of type ‘long unsigned int’
   36 | int madvise(void *base, int len, int advise);
      |             ~~~~~~^~~~
user/mp2_4.c: In function ‘main’:
user/mp2_4.c:21:24: warning: passing argument 1 of ‘madvise’ makes pointer from integer without a cast [-Wint-conversion]
   21 |   madvise((uint64) ptr + 9*PG_SIZE, PG_SIZE - 1,  MADV_PIN); // pin the tenth pte
      |                        ^
      |                        |
      |                        long unsigned int
In file included from user/mp2_4.c:3:
./user/user.h:36:19: note: expected ‘void *’ but argument is of type ‘long unsigned int’
   36 | int madvise(void *base, int len, int advise);
      |             ~~~~~~^~~~
user/mp2_4.c:25:24: warning: passing argument 1 of ‘madvise’ makes pointer from integer without a cast [-Wint-conversion]
   25 |   madvise((uint64) ptr + 2*PG_SIZE, PG_SIZE - 1,  MADV_DONTNEED); // 3rd pages are swapped out
      |                        ^
      |                        |
      |                        long unsigned int
In file included from user/mp2_4.c:3:
./user/user.h:36:19: note: expected ‘void *’ but argument is of type ‘long unsigned int’
   36 | int madvise(void *base, int len, int advise);
      |             ~~~~~~^~~~
user/mp2_4.c:34:3: warning: implicit declaration of function ‘pgprint’; did you mean ‘vmprint’? [-Wimplicit-function-declaration]
   34 |   pgprint();
      |   ^~~~~~~
      |   vmprint
user/mp2_5.c: In function ‘main’:
user/mp2_5.c:20:24: warning: passing argument 1 of ‘madvise’ makes pointer from integer without a cast [-Wint-conversion]
   20 |   madvise((uint64) ptr + 9*PG_SIZE, PG_SIZE - 1,  MADV_PIN); // pin the tenth pte
      |                        ^
      |                        |
      |                        long unsigned int
In file included from user/mp2_5.c:3:
./user/user.h:36:19: note: expected ‘void *’ but argument is of type ‘long unsigned int’
   36 | int madvise(void *base, int len, int advise);
      |             ~~~~~~^~~~
user/mp2_5.c:24:24: warning: passing argument 1 of ‘madvise’ makes pointer from integer without a cast [-Wint-conversion]
   24 |   madvise((uint64) ptr + 5*PG_SIZE, PG_SIZE - 1,  MADV_DONTNEED); // sixth page are swapped out
      |                        ^
      |                        |
      |                        long unsigned int
In file included from user/mp2_5.c:3:
./user/user.h:36:19: note: expected ‘void *’ but argument is of type ‘long unsigned int’
   36 | int madvise(void *base, int len, int advise);
      |             ~~~~~~^~~~
user/mp2_5.c:33:3: warning: implicit declaration of function ‘pgprint’; did you mean ‘vmprint’? [-Wimplicit-function-declaration]
   33 |   pgprint();
      |   ^~~~~~~
      |   vmprint
nmeta 46 (boot, super, log blocks 30 inode blocks 13, bitmap blocks 1) blocks 954 total 1000
balloc: first 750 blocks have been allocated
balloc: write bitmap block at sector 45
*** Now run 'gdb' in another window.

xv6 kernel is booting

qemu-system-riscv64: terminating on signal 2
